2025-05-23 10:02:36.586  INFO 34680 --- [main] c.e.q.QuestionSystemApplication          : Starting QuestionSystemApplication using Java 11.0.27 on qgkj001 with PID 34680 (D:\demo\target\classes started by yangr in D:\demo)
2025-05-23 10:02:36.596  INFO 34680 --- [main] c.e.q.QuestionSystemApplication          : No active profile set, falling back to 1 default profile: "default"
2025-05-23 10:02:37.175  INFO 34680 --- [main] .s.d.r.c.RepositoryConfigurationDelegate : Bootstrapping Spring Data JPA repositories in DEFAULT mode.
2025-05-23 10:02:37.234  INFO 34680 --- [main] .s.d.r.c.RepositoryConfigurationDelegate : Finished Spring Data repository scanning in 46 ms. Found 1 JPA repository interfaces.
2025-05-23 10:02:37.936  INFO 34680 --- [main] o.s.b.w.embedded.tomcat.TomcatWebServer  : Tomcat initialized with port(s): 8080 (http)
2025-05-23 10:02:37.948  INFO 34680 --- [main] o.apache.catalina.core.StandardService   : Starting service [Tomcat]
2025-05-23 10:02:37.949  INFO 34680 --- [main] org.apache.catalina.core.StandardEngine  : Starting Servlet engine: [Apache Tomcat/9.0.83]
2025-05-23 10:02:38.142  INFO 34680 --- [main] o.a.c.c.C.[Tomcat].[localhost].[/api]    : Initializing Spring embedded WebApplicationContext
2025-05-23 10:02:38.143  INFO 34680 --- [main] w.s.c.ServletWebServerApplicationContext : Root WebApplicationContext: initialization completed in 1478 ms
2025-05-23 10:02:38.171  INFO 34680 --- [main] com.zaxxer.hikari.HikariDataSource       : HikariPool-1 - Starting...
2025-05-23 10:02:38.361  INFO 34680 --- [main] com.zaxxer.hikari.HikariDataSource       : HikariPool-1 - Start completed.
2025-05-23 10:02:38.370  INFO 34680 --- [main] o.s.b.a.h2.H2ConsoleAutoConfiguration    : H2 console available at '/h2-console'. Database available at 'jdbc:h2:mem:questiondb'
2025-05-23 10:02:38.450  WARN 34680 --- [main] ConfigServletWebServerApplicationContext : Exception encountered during context initialization - cancelling refresh attempt: org.springframework.beans.factory.BeanCreationException: Error creating bean with name 'dataSourceScriptDatabaseInitializer' defined in class path resource [org/springframework/boot/autoconfigure/sql/init/DataSourceInitializationConfiguration.class]: Invocation of init method failed; nested exception is org.springframework.jdbc.datasource.init.ScriptStatementFailedException: Failed to execute SQL script statement #1 of URL [file:/D:/demo/target/classes/data.sql]: INSERT INTO questions (title, content, answer, difficulty) VALUES ('JavaåŸºç¡€é¢?1', 'ä»?ä¹ˆæ˜¯Javaä¸­çš„å¤šæ?ï¼Ÿ', 'å¤šæ?æ˜¯æŒ‡åŒä¸?ä¸ªè¡Œä¸ºå…·æœ‰å¤šä¸ªä¸åŒè¡¨ç°å½¢å¼æˆ–å½¢æ?çš„èƒ½åŠ›ã€?', 'ç®?å?'), ('JavaåŸºç¡€é¢?2', 'è§£é‡ŠJavaä¸­çš„å°è£…æ¦‚å¿µ', 'å°è£…æ˜¯å°†æ•°æ®å’Œæ“ä½œæ•°æ®çš„æ–¹æ³•ç»‘å®šåœ¨ä¸€èµ·ï¼Œå¯¹å¤–éƒ¨éšè—å®ç°ç»†èŠ‚ã??', 'ä¸­ç­‰'), ('JavaåŸºç¡€é¢?3', 'ä»?ä¹ˆæ˜¯Javaä¸­çš„æ¥å£ï¼?', 'æ¥å£æ˜¯Javaä¸­çš„ä¸?ç§æŠ½è±¡ç±»å‹ï¼Œæ˜¯æŠ½è±¡æ–¹æ³•çš„é›†åˆã€?', 'ç®?å?'); nested exception is org.h2.jdbc.JdbcSQLSyntaxErrorException: Table "QUESTIONS" not found (this database is empty); SQL statement:
INSERT INTO questions (title, content, answer, difficulty) VALUES ('JavaåŸºç¡€é¢?1', 'ä»?ä¹ˆæ˜¯Javaä¸­çš„å¤šæ?ï¼Ÿ', 'å¤šæ?æ˜¯æŒ‡åŒä¸?ä¸ªè¡Œä¸ºå…·æœ‰å¤šä¸ªä¸åŒè¡¨ç°å½¢å¼æˆ–å½¢æ?çš„èƒ½åŠ›ã€?', 'ç®?å?'), ('JavaåŸºç¡€é¢?2', 'è§£é‡ŠJavaä¸­çš„å°è£…æ¦‚å¿µ', 'å°è£…æ˜¯å°†æ•°æ®å’Œæ“ä½œæ•°æ®çš„æ–¹æ³•ç»‘å®šåœ¨ä¸€èµ·ï¼Œå¯¹å¤–éƒ¨éšè—å®ç°ç»†èŠ‚ã??', 'ä¸­ç­‰'), ('JavaåŸºç¡€é¢?3', 'ä»?ä¹ˆæ˜¯Javaä¸­çš„æ¥å£ï¼?', 'æ¥å£æ˜¯Javaä¸­çš„ä¸?ç§æŠ½è±¡ç±»å‹ï¼Œæ˜¯æŠ½è±¡æ–¹æ³•çš„é›†åˆã€?', 'ç®?å?') [42104-214]
2025-05-23 10:02:38.453  INFO 34680 --- [main] com.zaxxer.hikari.HikariDataSource       : HikariPool-1 - Shutdown initiated...
2025-05-23 10:02:38.456  INFO 34680 --- [main] com.zaxxer.hikari.HikariDataSource       : HikariPool-1 - Shutdown completed.
2025-05-23 10:02:38.458  INFO 34680 --- [main] o.apache.catalina.core.StandardService   : Stopping service [Tomcat]
2025-05-23 10:02:38.468  INFO 34680 --- [main] ConditionEvaluationReportLoggingListener : 

Error starting ApplicationContext. To display the conditions report re-run your application with 'debug' enabled.
2025-05-23 10:02:38.488 ERROR 34680 --- [main] o.s.boot.SpringApplication               : Application run failed

org.springframework.beans.factory.BeanCreationException: Error creating bean with name 'dataSourceScriptDatabaseInitializer' defined in class path resource [org/springframework/boot/autoconfigure/sql/init/DataSourceInitializationConfiguration.class]: Invocation of init method failed; nested exception is org.springframework.jdbc.datasource.init.ScriptStatementFailedException: Failed to execute SQL script statement #1 of URL [file:/D:/demo/target/classes/data.sql]: INSERT INTO questions (title, content, answer, difficulty) VALUES ('JavaåŸºç¡€é¢?1', 'ä»?ä¹ˆæ˜¯Javaä¸­çš„å¤šæ?ï¼Ÿ', 'å¤šæ?æ˜¯æŒ‡åŒä¸?ä¸ªè¡Œä¸ºå…·æœ‰å¤šä¸ªä¸åŒè¡¨ç°å½¢å¼æˆ–å½¢æ?çš„èƒ½åŠ›ã€?', 'ç®?å?'), ('JavaåŸºç¡€é¢?2', 'è§£é‡ŠJavaä¸­çš„å°è£…æ¦‚å¿µ', 'å°è£…æ˜¯å°†æ•°æ®å’Œæ“ä½œæ•°æ®çš„æ–¹æ³•ç»‘å®šåœ¨ä¸€èµ·ï¼Œå¯¹å¤–éƒ¨éšè—å®ç°ç»†èŠ‚ã??', 'ä¸­ç­‰'), ('JavaåŸºç¡€é¢?3', 'ä»?ä¹ˆæ˜¯Javaä¸­çš„æ¥å£ï¼?', 'æ¥å£æ˜¯Javaä¸­çš„ä¸?ç§æŠ½è±¡ç±»å‹ï¼Œæ˜¯æŠ½è±¡æ–¹æ³•çš„é›†åˆã€?', 'ç®?å?'); nested exception is org.h2.jdbc.JdbcSQLSyntaxErrorException: Table "QUESTIONS" not found (this database is empty); SQL statement:
INSERT INTO questions (title, content, answer, difficulty) VALUES ('JavaåŸºç¡€é¢?1', 'ä»?ä¹ˆæ˜¯Javaä¸­çš„å¤šæ?ï¼Ÿ', 'å¤šæ?æ˜¯æŒ‡åŒä¸?ä¸ªè¡Œä¸ºå…·æœ‰å¤šä¸ªä¸åŒè¡¨ç°å½¢å¼æˆ–å½¢æ?çš„èƒ½åŠ›ã€?', 'ç®?å?'), ('JavaåŸºç¡€é¢?2', 'è§£é‡ŠJavaä¸­çš„å°è£…æ¦‚å¿µ', 'å°è£…æ˜¯å°†æ•°æ®å’Œæ“ä½œæ•°æ®çš„æ–¹æ³•ç»‘å®šåœ¨ä¸€èµ·ï¼Œå¯¹å¤–éƒ¨éšè—å®ç°ç»†èŠ‚ã??', 'ä¸­ç­‰'), ('JavaåŸºç¡€é¢?3', 'ä»?ä¹ˆæ˜¯Javaä¸­çš„æ¥å£ï¼?', 'æ¥å£æ˜¯Javaä¸­çš„ä¸?ç§æŠ½è±¡ç±»å‹ï¼Œæ˜¯æŠ½è±¡æ–¹æ³•çš„é›†åˆã€?', 'ç®?å?') [42104-214]
	at org.springframework.beans.factory.support.AbstractAutowireCapableBeanFactory.initializeBean(AbstractAutowireCapableBeanFactory.java:1804) ~[spring-beans-5.3.31.jar:5.3.31]
	at org.springframework.beans.factory.support.AbstractAutowireCapableBeanFactory.doCreateBean(AbstractAutowireCapableBeanFactory.java:620) ~[spring-beans-5.3.31.jar:5.3.31]
	at org.springframework.beans.factory.support.AbstractAutowireCapableBeanFactory.createBean(AbstractAutowireCapableBeanFactory.java:542) ~[spring-beans-5.3.31.jar:5.3.31]
	at org.springframework.beans.factory.support.AbstractBeanFactory.lambda$doGetBean$0(AbstractBeanFactory.java:335) ~[spring-beans-5.3.31.jar:5.3.31]
	at org.springframework.beans.factory.support.DefaultSingletonBeanRegistry.getSingleton(DefaultSingletonBeanRegistry.java:234) ~[spring-beans-5.3.31.jar:5.3.31]
	at org.springframework.beans.factory.support.AbstractBeanFactory.doGetBean(AbstractBeanFactory.java:333) ~[spring-beans-5.3.31.jar:5.3.31]
	at org.springframework.beans.factory.support.AbstractBeanFactory.getBean(AbstractBeanFactory.java:208) ~[spring-beans-5.3.31.jar:5.3.31]
	at org.springframework.beans.factory.support.AbstractBeanFactory.doGetBean(AbstractBeanFactory.java:322) ~[spring-beans-5.3.31.jar:5.3.31]
	at org.springframework.beans.factory.support.AbstractBeanFactory.getBean(AbstractBeanFactory.java:208) ~[spring-beans-5.3.31.jar:5.3.31]
	at org.springframework.context.support.AbstractApplicationContext.getBean(AbstractApplicationContext.java:1168) ~[spring-context-5.3.31.jar:5.3.31]
	at org.springframework.context.support.AbstractApplicationContext.finishBeanFactoryInitialization(AbstractApplicationContext.java:919) ~[spring-context-5.3.31.jar:5.3.31]
	at org.springframework.context.support.AbstractApplicationContext.refresh(AbstractApplicationContext.java:591) ~[spring-context-5.3.31.jar:5.3.31]
	at org.springframework.boot.web.servlet.context.ServletWebServerApplicationContext.refresh(ServletWebServerApplicationContext.java:147) ~[spring-boot-2.7.18.jar:2.7.18]
	at org.springframework.boot.SpringApplication.refresh(SpringApplication.java:732) ~[spring-boot-2.7.18.jar:2.7.18]
	at org.springframework.boot.SpringApplication.refreshContext(SpringApplication.java:409) ~[spring-boot-2.7.18.jar:2.7.18]
	at org.springframework.boot.SpringApplication.run(SpringApplication.java:308) ~[spring-boot-2.7.18.jar:2.7.18]
	at org.springframework.boot.SpringApplication.run(SpringApplication.java:1300) ~[spring-boot-2.7.18.jar:2.7.18]
	at org.springframework.boot.SpringApplication.run(SpringApplication.java:1289) ~[spring-boot-2.7.18.jar:2.7.18]
	at com.example.questionsystem.QuestionSystemApplication.main(QuestionSystemApplication.java:13) ~[classes/:na]
Caused by: org.springframework.jdbc.datasource.init.ScriptStatementFailedException: Failed to execute SQL script statement #1 of URL [file:/D:/demo/target/classes/data.sql]: INSERT INTO questions (title, content, answer, difficulty) VALUES ('JavaåŸºç¡€é¢?1', 'ä»?ä¹ˆæ˜¯Javaä¸­çš„å¤šæ?ï¼Ÿ', 'å¤šæ?æ˜¯æŒ‡åŒä¸?ä¸ªè¡Œä¸ºå…·æœ‰å¤šä¸ªä¸åŒè¡¨ç°å½¢å¼æˆ–å½¢æ?çš„èƒ½åŠ›ã€?', 'ç®?å?'), ('JavaåŸºç¡€é¢?2', 'è§£é‡ŠJavaä¸­çš„å°è£…æ¦‚å¿µ', 'å°è£…æ˜¯å°†æ•°æ®å’Œæ“ä½œæ•°æ®çš„æ–¹æ³•ç»‘å®šåœ¨ä¸€èµ·ï¼Œå¯¹å¤–éƒ¨éšè—å®ç°ç»†èŠ‚ã??', 'ä¸­ç­‰'), ('JavaåŸºç¡€é¢?3', 'ä»?ä¹ˆæ˜¯Javaä¸­çš„æ¥å£ï¼?', 'æ¥å£æ˜¯Javaä¸­çš„ä¸?ç§æŠ½è±¡ç±»å‹ï¼Œæ˜¯æŠ½è±¡æ–¹æ³•çš„é›†åˆã€?', 'ç®?å?'); nested exception is org.h2.jdbc.JdbcSQLSyntaxErrorException: Table "QUESTIONS" not found (this database is empty); SQL statement:
INSERT INTO questions (title, content, answer, difficulty) VALUES ('JavaåŸºç¡€é¢?1', 'ä»?ä¹ˆæ˜¯Javaä¸­çš„å¤šæ?ï¼Ÿ', 'å¤šæ?æ˜¯æŒ‡åŒä¸?ä¸ªè¡Œä¸ºå…·æœ‰å¤šä¸ªä¸åŒè¡¨ç°å½¢å¼æˆ–å½¢æ?çš„èƒ½åŠ›ã€?', 'ç®?å?'), ('JavaåŸºç¡€é¢?2', 'è§£é‡ŠJavaä¸­çš„å°è£…æ¦‚å¿µ', 'å°è£…æ˜¯å°†æ•°æ®å’Œæ“ä½œæ•°æ®çš„æ–¹æ³•ç»‘å®šåœ¨ä¸€èµ·ï¼Œå¯¹å¤–éƒ¨éšè—å®ç°ç»†èŠ‚ã??', 'ä¸­ç­‰'), ('JavaåŸºç¡€é¢?3', 'ä»?ä¹ˆæ˜¯Javaä¸­çš„æ¥å£ï¼?', 'æ¥å£æ˜¯Javaä¸­çš„ä¸?ç§æŠ½è±¡ç±»å‹ï¼Œæ˜¯æŠ½è±¡æ–¹æ³•çš„é›†åˆã€?', 'ç®?å?') [42104-214]
	at org.springframework.jdbc.datasource.init.ScriptUtils.executeSqlScript(ScriptUtils.java:282) ~[spring-jdbc-5.3.31.jar:5.3.31]
	at org.springframework.jdbc.datasource.init.ResourceDatabasePopulator.populate(ResourceDatabasePopulator.java:254) ~[spring-jdbc-5.3.31.jar:5.3.31]
	at org.springframework.jdbc.datasource.init.DatabasePopulatorUtils.execute(DatabasePopulatorUtils.java:54) ~[spring-jdbc-5.3.31.jar:5.3.31]
	at org.springframework.boot.jdbc.init.DataSourceScriptDatabaseInitializer.runScripts(DataSourceScriptDatabaseInitializer.java:90) ~[spring-boot-2.7.18.jar:2.7.18]
	at org.springframework.boot.sql.init.AbstractScriptDatabaseInitializer.runScripts(AbstractScriptDatabaseInitializer.java:145) ~[spring-boot-2.7.18.jar:2.7.18]
	at org.springframework.boot.sql.init.AbstractScriptDatabaseInitializer.applyScripts(AbstractScriptDatabaseInitializer.java:107) ~[spring-boot-2.7.18.jar:2.7.18]
	at org.springframework.boot.sql.init.AbstractScriptDatabaseInitializer.applyDataScripts(AbstractScriptDatabaseInitializer.java:101) ~[spring-boot-2.7.18.jar:2.7.18]
	at org.springframework.boot.sql.init.AbstractScriptDatabaseInitializer.initializeDatabase(AbstractScriptDatabaseInitializer.java:76) ~[spring-boot-2.7.18.jar:2.7.18]
	at org.springframework.boot.sql.init.AbstractScriptDatabaseInitializer.afterPropertiesSet(AbstractScriptDatabaseInitializer.java:65) ~[spring-boot-2.7.18.jar:2.7.18]
	at org.springframework.beans.factory.support.AbstractAutowireCapableBeanFactory.invokeInitMethods(AbstractAutowireCapableBeanFactory.java:1863) ~[spring-beans-5.3.31.jar:5.3.31]
	at org.springframework.beans.factory.support.AbstractAutowireCapableBeanFactory.initializeBean(AbstractAutowireCapableBeanFactory.java:1800) ~[spring-beans-5.3.31.jar:5.3.31]
	... 18 common frames omitted
Caused by: org.h2.jdbc.JdbcSQLSyntaxErrorException: Table "QUESTIONS" not found (this database is empty); SQL statement:
INSERT INTO questions (title, content, answer, difficulty) VALUES ('JavaåŸºç¡€é¢?1', 'ä»?ä¹ˆæ˜¯Javaä¸­çš„å¤šæ?ï¼Ÿ', 'å¤šæ?æ˜¯æŒ‡åŒä¸?ä¸ªè¡Œä¸ºå…·æœ‰å¤šä¸ªä¸åŒè¡¨ç°å½¢å¼æˆ–å½¢æ?çš„èƒ½åŠ›ã€?', 'ç®?å?'), ('JavaåŸºç¡€é¢?2', 'è§£é‡ŠJavaä¸­çš„å°è£…æ¦‚å¿µ', 'å°è£…æ˜¯å°†æ•°æ®å’Œæ“ä½œæ•°æ®çš„æ–¹æ³•ç»‘å®šåœ¨ä¸€èµ·ï¼Œå¯¹å¤–éƒ¨éšè—å®ç°ç»†èŠ‚ã??', 'ä¸­ç­‰'), ('JavaåŸºç¡€é¢?3', 'ä»?ä¹ˆæ˜¯Javaä¸­çš„æ¥å£ï¼?', 'æ¥å£æ˜¯Javaä¸­çš„ä¸?ç§æŠ½è±¡ç±»å‹ï¼Œæ˜¯æŠ½è±¡æ–¹æ³•çš„é›†åˆã€?', 'ç®?å?') [42104-214]
	at org.h2.message.DbException.getJdbcSQLException(DbException.java:502) ~[h2-2.1.214.jar:2.1.214]
	at org.h2.message.DbException.getJdbcSQLException(DbException.java:477) ~[h2-2.1.214.jar:2.1.214]
	at org.h2.message.DbException.get(DbException.java:223) ~[h2-2.1.214.jar:2.1.214]
	at org.h2.message.DbException.get(DbException.java:199) ~[h2-2.1.214.jar:2.1.214]
	at org.h2.command.Parser.getTableOrViewNotFoundDbException(Parser.java:8385) ~[h2-2.1.214.jar:2.1.214]
	at org.h2.command.Parser.getTableOrViewNotFoundDbException(Parser.java:8369) ~[h2-2.1.214.jar:2.1.214]
	at org.h2.command.Parser.readTableOrView(Parser.java:8358) ~[h2-2.1.214.jar:2.1.214]
	at org.h2.command.Parser.readTableOrView(Parser.java:8328) ~[h2-2.1.214.jar:2.1.214]
	at org.h2.command.Parser.parseInsert(Parser.java:1632) ~[h2-2.1.214.jar:2.1.214]
	at org.h2.command.Parser.parsePrepared(Parser.java:814) ~[h2-2.1.214.jar:2.1.214]
	at org.h2.command.Parser.parse(Parser.java:689) ~[h2-2.1.214.jar:2.1.214]
	at org.h2.command.Parser.parse(Parser.java:661) ~[h2-2.1.214.jar:2.1.214]
	at org.h2.command.Parser.prepareCommand(Parser.java:569) ~[h2-2.1.214.jar:2.1.214]
	at org.h2.engine.SessionLocal.prepareLocal(SessionLocal.java:631) ~[h2-2.1.214.jar:2.1.214]
	at org.h2.engine.SessionLocal.prepareCommand(SessionLocal.java:554) ~[h2-2.1.214.jar:2.1.214]
	at org.h2.jdbc.JdbcConnection.prepareCommand(JdbcConnection.java:1116) ~[h2-2.1.214.jar:2.1.214]
	at org.h2.jdbc.JdbcStatement.executeInternal(JdbcStatement.java:237) ~[h2-2.1.214.jar:2.1.214]
	at org.h2.jdbc.JdbcStatement.execute(JdbcStatement.java:223) ~[h2-2.1.214.jar:2.1.214]
	at com.zaxxer.hikari.pool.ProxyStatement.execute(ProxyStatement.java:94) ~[HikariCP-4.0.3.jar:na]
	at com.zaxxer.hikari.pool.HikariProxyStatement.execute(HikariProxyStatement.java) ~[HikariCP-4.0.3.jar:na]
	at org.springframework.jdbc.datasource.init.ScriptUtils.executeSqlScript(ScriptUtils.java:261) ~[spring-jdbc-5.3.31.jar:5.3.31]
	... 28 common frames omitted

